app/build/outputs/logs/manifest-merger-release-report.txt
-- Merging decision tree log ---
manifest
ADDED from src\main\AndroidManifest.xml:2:1-304:12
	package
		ADDED from src\main\AndroidManifest.xml:3:5-38
		INJECTED from src\main\AndroidManifest.xml
		INJECTED from src\main\AndroidManifest.xml
	android:versionName
		ADDED from src\main\AndroidManifest.xml:5:5-30
		INJECTED from src\main\AndroidManifest.xml
		INJECTED from src\main\AndroidManifest.xml
	android:versionCode
		ADDED from src\main\AndroidManifest.xml:4:5-28
		INJECTED from src\main\AndroidManifest.xml
		INJECTED from src\main\AndroidManifest.xml
	xmlns:android
		ADDED from src\main\AndroidManifest.xml:2:11-69
uses-sdk
ADDED from src\main\AndroidManifest.xml:7:5-9:41
MERGED from [hududuuser:slidingmenu:unspecified] AndroidManifest.xml:7:5-9:41
MERGED from [hududuuser:pulltorefresh:unspecified] AndroidManifest.xml:7:5-9:40
	android:targetSdkVersion
		ADDED from src\main\AndroidManifest.xml:9:9-38
		INJECTED from src\main\AndroidManifest.xml
		INJECTED from src\main\AndroidManifest.xml
	android:minSdkVersion
		ADDED from src\main\AndroidManifest.xml:8:9-34
		INJECTED from src\main\AndroidManifest.xml
		INJECTED from src\main\AndroidManifest.xml
uses-permission#android.permission.ACCESS_NETWORK_STATE
ADDED from src\main\AndroidManifest.xml:11:5-79
	android:name
		ADDED from src\main\AndroidManifest.xml:11:22-76
uses-permission#android.permission.ACCESS_WIFI_STATE
ADDED from src\main\AndroidManifest.xml:12:5-76
	android:name
		ADDED from src\main\AndroidManifest.xml:12:22-73
uses-permission#android.permission.READ_PHONE_STATE
ADDED from src\main\AndroidManifest.xml:13:5-75
	android:name
		ADDED from src\main\AndroidManifest.xml:13:22-72
uses-permission#android.permission.WRITE_EXTERNAL_STORAGE
ADDED from src\main\AndroidManifest.xml:14:5-81
	android:name
		ADDED from src\main\AndroidManifest.xml:14:22-78
uses-permission#android.permission.INTERNET
ADDED from src\main\AndroidManifest.xml:15:5-67
	android:name
		ADDED from src\main\AndroidManifest.xml:15:22-64
uses-permission#android.permission.READ_LOGS
ADDED from src\main\AndroidManifest.xml:16:5-68
	android:name
		ADDED from src\main\AndroidManifest.xml:16:22-65
uses-permission#android.permission.CALL_PHONE
ADDED from src\main\AndroidManifest.xml:17:5-69
	android:name
		ADDED from src\main\AndroidManifest.xml:17:22-66
uses-permission#android.permission.ACCESS_FINE_LOCATION
ADDED from src\main\AndroidManifest.xml:18:5-79
	android:name
		ADDED from src\main\AndroidManifest.xml:18:22-76
uses-permission#android.permission.ACCESS_COARSE_LOCATION
ADDED from src\main\AndroidManifest.xml:19:5-81
	android:name
		ADDED from src\main\AndroidManifest.xml:19:22-78
uses-permission#android.permission.GET_TASKS
ADDED from src\main\AndroidManifest.xml:23:5-68
	android:name
		ADDED from src\main\AndroidManifest.xml:23:22-65
uses-permission#android.permission.SET_DEBUG_APP
ADDED from src\main\AndroidManifest.xml:24:5-72
	android:name
		ADDED from src\main\AndroidManifest.xml:24:22-69
uses-permission#android.permission.SYSTEM_ALERT_WINDOW
ADDED from src\main\AndroidManifest.xml:25:5-78
	android:name
		ADDED from src\main\AndroidManifest.xml:25:22-75
uses-permission#android.permission.GET_ACCOUNTS
ADDED from src\main\AndroidManifest.xml:26:5-71
	android:name
		ADDED from src\main\AndroidManifest.xml:26:22-68
uses-permission#android.permission.USE_CREDENTIALS
ADDED from src\main\AndroidManifest.xml:27:5-74
	android:name
		ADDED from src\main\AndroidManifest.xml:27:22-71
uses-permission#android.permission.MANAGE_ACCOUNTS
ADDED from src\main\AndroidManifest.xml:28:5-74
	android:name
		ADDED from src\main\AndroidManifest.xml:28:22-71
uses-permission#android.permission.MODIFY_AUDIO_SETTINGS
ADDED from src\main\AndroidManifest.xml:36:5-80
	android:name
		ADDED from src\main\AndroidManifest.xml:36:22-77
uses-permission#com.android.launcher.permission.READ_SETTINGS
ADDED from src\main\AndroidManifest.xml:41:5-85
	android:name
		ADDED from src\main\AndroidManifest.xml:41:22-82
uses-permission#android.permission.WAKE_LOCK
ADDED from src\main\AndroidManifest.xml:43:5-68
	android:name
		ADDED from src\main\AndroidManifest.xml:43:22-65
uses-permission#android.permission.CHANGE_WIFI_STATE
ADDED from src\main\AndroidManifest.xml:45:5-76
	android:name
		ADDED from src\main\AndroidManifest.xml:45:22-73
uses-permission#android.permission.WRITE_SETTINGS
ADDED from src\main\AndroidManifest.xml:53:5-73
	android:name
		ADDED from src\main\AndroidManifest.xml:53:22-70
application
ADDED from src\main\AndroidManifest.xml:58:5-295:19
MERGED from [hududuuser:pulltorefresh:unspecified] AndroidManifest.xml:11:5-20
	android:screenOrientation
		ADDED from src\main\AndroidManifest.xml:63:9-46
	android:label
		ADDED from src\main\AndroidManifest.xml:62:9-41
	android:allowBackup
		ADDED from src\main\AndroidManifest.xml:60:9-35
	android:icon
		ADDED from src\main\AndroidManifest.xml:61:9-38
	android:theme
		ADDED from src\main\AndroidManifest.xml:64:9-39
	android:name
		ADDED from src\main\AndroidManifest.xml:59:9-79
meta-data#channelid
ADDED from src\main\AndroidManifest.xml:65:8-67:41
	android:value
		ADDED from src\main\AndroidManifest.xml:67:13-38
	android:name
		ADDED from src\main\AndroidManifest.xml:66:13-37
activity#com.jizhi.hududu.uclient.main.LoadingActivity
ADDED from src\main\AndroidManifest.xml:69:9-83:20
	android:label
		ADDED from src\main\AndroidManifest.xml:71:13-45
	android:name
		ADDED from src\main\AndroidManifest.xml:70:13-73
intent-filter#android.intent.action.MAIN+android.intent.category.LAUNCHER
ADDED from src\main\AndroidManifest.xml:72:13-75:29
action#android.intent.action.MAIN
ADDED from src\main\AndroidManifest.xml:73:17-69
	android:name
		ADDED from src\main\AndroidManifest.xml:73:25-66
category#android.intent.category.LAUNCHER
ADDED from src\main\AndroidManifest.xml:74:17-77
	android:name
		ADDED from src\main\AndroidManifest.xml:74:27-74
intent-filter#android.intent.action.VIEW+android.intent.category.DEFAULT
ADDED from src\main\AndroidManifest.xml:76:13-82:29
action#android.intent.action.VIEW
ADDED from src\main\AndroidManifest.xml:77:17-69
	android:name
		ADDED from src\main\AndroidManifest.xml:77:25-66
category#android.intent.category.DEFAULT
ADDED from src\main\AndroidManifest.xml:79:17-76
	android:name
		ADDED from src\main\AndroidManifest.xml:79:27-73
data
ADDED from src\main\AndroidManifest.xml:81:17-61
	android:scheme
		ADDED from src\main\AndroidManifest.xml:81:23-58
activity#com.jizhi.hududu.uclient.main.GuideActivity
ADDED from src\main\AndroidManifest.xml:85:9-88:20
	android:screenOrientation
		ADDED from src\main\AndroidManifest.xml:87:13-49
	android:name
		ADDED from src\main\AndroidManifest.xml:86:13-71
activity#com.jizhi.hududu.uclient.main.MyCardBagActivity
ADDED from src\main\AndroidManifest.xml:90:9-93:20
	android:screenOrientation
		ADDED from src\main\AndroidManifest.xml:92:13-49
	android:name
		ADDED from src\main\AndroidManifest.xml:91:13-75
activity#com.jizhi.hududu.uclient.main.OverdueMyCardBagActivity
ADDED from src\main\AndroidManifest.xml:96:9-99:20
	android:screenOrientation
		ADDED from src\main\AndroidManifest.xml:98:13-49
	android:name
		ADDED from src\main\AndroidManifest.xml:97:13-82
activity#com.jizhi.hududu.uclient.main.FKDetailActivity
ADDED from src\main\AndroidManifest.xml:102:9-105:20
	android:screenOrientation
		ADDED from src\main\AndroidManifest.xml:104:13-49
	android:name
		ADDED from src\main\AndroidManifest.xml:103:13-74
activity#com.jizhi.hududu.uclient.main.ShareAppActivity
ADDED from src\main\AndroidManifest.xml:107:9-110:20
	android:screenOrientation
		ADDED from src\main\AndroidManifest.xml:109:13-49
	android:name
		ADDED from src\main\AndroidManifest.xml:108:13-74
activity#com.jizhi.hududu.uclient.main.MyOrderActivity
ADDED from src\main\AndroidManifest.xml:113:9-115:52
	android:screenOrientation
		ADDED from src\main\AndroidManifest.xml:115:13-49
	android:name
		ADDED from src\main\AndroidManifest.xml:114:13-73
activity#com.jizhi.hududu.uclient.main.MyOrderEvaluate
ADDED from src\main\AndroidManifest.xml:117:9-121:67
	android:screenOrientation
		ADDED from src\main\AndroidManifest.xml:120:13-49
	android:windowSoftInputMode
		ADDED from src\main\AndroidManifest.xml:121:13-64
	android:configChanges
		ADDED from src\main\AndroidManifest.xml:119:13-63
	android:name
		ADDED from src\main\AndroidManifest.xml:118:13-73
activity#com.jizhi.hududu.uclient.main.MainActivity
ADDED from src\main\AndroidManifest.xml:123:9-125:52
	android:screenOrientation
		ADDED from src\main\AndroidManifest.xml:125:13-49
	android:name
		ADDED from src\main\AndroidManifest.xml:124:13-70
meta-data#com.baidu.lbsapi.API_KEY
ADDED from src\main\AndroidManifest.xml:128:9-130:64
	android:value
		ADDED from src\main\AndroidManifest.xml:130:13-61
	android:name
		ADDED from src\main\AndroidManifest.xml:129:13-52
activity#com.jizhi.hududu.uclient.main.NearbyAddrActivity
ADDED from src\main\AndroidManifest.xml:132:9-134:52
	android:screenOrientation
		ADDED from src\main\AndroidManifest.xml:134:13-49
	android:name
		ADDED from src\main\AndroidManifest.xml:133:13-76
activity#com.jizhi.hududu.uclient.main.MyOrderDetailActivity
ADDED from src\main\AndroidManifest.xml:136:9-138:52
	android:screenOrientation
		ADDED from src\main\AndroidManifest.xml:138:13-49
	android:name
		ADDED from src\main\AndroidManifest.xml:137:13-79
activity#com.jizhi.hududu.uclient.main.EvaluateDeatilActivity
ADDED from src\main\AndroidManifest.xml:140:9-142:52
	android:screenOrientation
		ADDED from src\main\AndroidManifest.xml:142:13-49
	android:name
		ADDED from src\main\AndroidManifest.xml:141:13-80
activity#com.jizhi.hududu.uclient.main.LoadUrlActivity
ADDED from src\main\AndroidManifest.xml:144:9-146:52
	android:screenOrientation
		ADDED from src\main\AndroidManifest.xml:146:13-49
	android:name
		ADDED from src\main\AndroidManifest.xml:145:13-73
activity#com.jizhi.hududu.uclient.main.AboutActivity
ADDED from src\main\AndroidManifest.xml:148:9-150:52
	android:screenOrientation
		ADDED from src\main\AndroidManifest.xml:150:13-49
	android:name
		ADDED from src\main\AndroidManifest.xml:149:13-71
activity#com.jizhi.hududu.uclient.main.ChooseChefListViewActivity
ADDED from src\main\AndroidManifest.xml:152:9-154:52
	android:screenOrientation
		ADDED from src\main\AndroidManifest.xml:154:13-49
	android:name
		ADDED from src\main\AndroidManifest.xml:153:13-84
activity#com.jizhi.hududu.uclient.main.BuyVegetablesViewPagerActivity
ADDED from src\main\AndroidManifest.xml:156:9-158:52
	android:screenOrientation
		ADDED from src\main\AndroidManifest.xml:158:13-49
	android:name
		ADDED from src\main\AndroidManifest.xml:157:13-88
activity#com.jizhi.hududu.uclient.main.DishesGridActivity
ADDED from src\main\AndroidManifest.xml:160:9-162:52
	android:screenOrientation
		ADDED from src\main\AndroidManifest.xml:162:13-49
	android:name
		ADDED from src\main\AndroidManifest.xml:161:13-76
activity#com.jizhi.hududu.uclient.main.DishesZoomActivity
ADDED from src\main\AndroidManifest.xml:164:9-166:52
	android:screenOrientation
		ADDED from src\main\AndroidManifest.xml:166:13-49
	android:name
		ADDED from src\main\AndroidManifest.xml:165:13-76
activity#com.jizhi.hududu.uclient.main.PayForActivity
ADDED from src\main\AndroidManifest.xml:168:9-170:52
	android:screenOrientation
		ADDED from src\main\AndroidManifest.xml:170:13-49
	android:name
		ADDED from src\main\AndroidManifest.xml:169:13-72
activity#com.jizhi.hududu.uclient.main.HouseholdCleaningMainActivity
ADDED from src\main\AndroidManifest.xml:172:9-174:52
	android:screenOrientation
		ADDED from src\main\AndroidManifest.xml:174:13-49
	android:name
		ADDED from src\main\AndroidManifest.xml:173:13-87
activity#com.jizhi.hududu.uclient.main.BuyVegetablesMainActivity
ADDED from src\main\AndroidManifest.xml:176:9-180:67
	android:screenOrientation
		ADDED from src\main\AndroidManifest.xml:179:13-49
	android:windowSoftInputMode
		ADDED from src\main\AndroidManifest.xml:180:13-64
	android:configChanges
		ADDED from src\main\AndroidManifest.xml:178:13-63
	android:name
		ADDED from src\main\AndroidManifest.xml:177:13-83
activity#com.jizhi.hududu.uclient.main.LoginActivity
ADDED from src\main\AndroidManifest.xml:182:9-184:52
	android:screenOrientation
		ADDED from src\main\AndroidManifest.xml:184:13-49
	android:name
		ADDED from src\main\AndroidManifest.xml:183:13-71
activity#com.jizhi.hududu.uclient.main.BuyVegetableListViewActivity
ADDED from src\main\AndroidManifest.xml:186:9-188:52
	android:screenOrientation
		ADDED from src\main\AndroidManifest.xml:188:13-49
	android:name
		ADDED from src\main\AndroidManifest.xml:187:13-86
activity#com.jizhi.hududu.uclient.main.HandWasingMainActivity
ADDED from src\main\AndroidManifest.xml:190:9-192:52
	android:screenOrientation
		ADDED from src\main\AndroidManifest.xml:192:13-49
	android:name
		ADDED from src\main\AndroidManifest.xml:191:13-80
activity#com.jizhi.hududu.uclient.main.VagetableActivity
ADDED from src\main\AndroidManifest.xml:194:9-196:52
	android:screenOrientation
		ADDED from src\main\AndroidManifest.xml:196:13-49
	android:name
		ADDED from src\main\AndroidManifest.xml:195:13-75
activity#com.jizhi.hududu.uclient.main.DinnerMainActivity
ADDED from src\main\AndroidManifest.xml:198:9-200:52
	android:screenOrientation
		ADDED from src\main\AndroidManifest.xml:200:13-49
	android:name
		ADDED from src\main\AndroidManifest.xml:199:13-76
activity#com.jizhi.hududu.uclient.main.AgreementActivity
ADDED from src\main\AndroidManifest.xml:202:9-204:52
	android:screenOrientation
		ADDED from src\main\AndroidManifest.xml:204:13-49
	android:name
		ADDED from src\main\AndroidManifest.xml:203:13-75
activity#com.jizhi.hududu.uclient.main.FeedBackActivity
ADDED from src\main\AndroidManifest.xml:206:9-208:52
	android:screenOrientation
		ADDED from src\main\AndroidManifest.xml:208:13-49
	android:name
		ADDED from src\main\AndroidManifest.xml:207:13-74
activity#com.weixin.paydemo.PayActivity
ADDED from src\main\AndroidManifest.xml:209:9-211:52
	android:screenOrientation
		ADDED from src\main\AndroidManifest.xml:211:13-49
	android:name
		ADDED from src\main\AndroidManifest.xml:210:13-58
activity#com.weixin.paydemo.WXPay
ADDED from src\main\AndroidManifest.xml:212:9-214:52
	android:screenOrientation
		ADDED from src\main\AndroidManifest.xml:214:13-49
	android:name
		ADDED from src\main\AndroidManifest.xml:213:13-52
activity#com.neusoft.huduoduoapp.wxapi.WXPayEntryActivity
ADDED from src\main\AndroidManifest.xml:217:9-221:75
	android:launchMode
		ADDED from src\main\AndroidManifest.xml:220:13-43
	android:exported
		ADDED from src\main\AndroidManifest.xml:219:13-36
	android:theme
		ADDED from src\main\AndroidManifest.xml:221:13-72
	android:name
		ADDED from src\main\AndroidManifest.xml:218:13-76
activity#com.alipay.sdk.app.H5PayActivity
ADDED from src\main\AndroidManifest.xml:223:9-229:20
	android:screenOrientation
		ADDED from src\main\AndroidManifest.xml:227:13-47
	android:exported
		ADDED from src\main\AndroidManifest.xml:226:13-37
	android:windowSoftInputMode
		ADDED from src\main\AndroidManifest.xml:228:13-67
	android:configChanges
		ADDED from src\main\AndroidManifest.xml:225:13-74
	android:name
		ADDED from src\main\AndroidManifest.xml:224:13-60
service#com.jizhi.hududu.uclient.service.MsgService
ADDED from src\main\AndroidManifest.xml:234:9-238:19
	android:name
		ADDED from src\main\AndroidManifest.xml:234:18-76
intent-filter#com.example.communication.MSG_ACTION
ADDED from src\main\AndroidManifest.xml:235:13-237:29
action#com.example.communication.MSG_ACTION
ADDED from src\main\AndroidManifest.xml:236:17-79
	android:name
		ADDED from src\main\AndroidManifest.xml:236:25-76
receiver#net.sourceforge.simcpux.AppRegister
ADDED from src\main\AndroidManifest.xml:240:9-244:20
	android:name
		ADDED from src\main\AndroidManifest.xml:240:19-69
intent-filter#com.tencent.mm.plugin.openapi.Intent.ACTION_REFRESH_WXAPP
ADDED from src\main\AndroidManifest.xml:241:13-243:29
action#com.tencent.mm.plugin.openapi.Intent.ACTION_REFRESH_WXAPP
ADDED from src\main\AndroidManifest.xml:242:17-100
	android:name
		ADDED from src\main\AndroidManifest.xml:242:25-97
meta-data#UMENG_APPKEY
ADDED from src\main\AndroidManifest.xml:247:9-250:21
	android:value
		ADDED from src\main\AndroidManifest.xml:249:13-53
	android:name
		ADDED from src\main\AndroidManifest.xml:248:13-40
activity#com.umeng.socialize.view.ShareActivity
ADDED from src\main\AndroidManifest.xml:255:9-262:20
	android:launchMode
		ADDED from src\main\AndroidManifest.xml:258:13-44
	android:noHistory
		ADDED from src\main\AndroidManifest.xml:259:13-37
	android:windowSoftInputMode
		ADDED from src\main\AndroidManifest.xml:261:13-68
	android:configChanges
		ADDED from src\main\AndroidManifest.xml:257:13-57
	android:theme
		ADDED from src\main\AndroidManifest.xml:260:13-50
	android:name
		ADDED from src\main\AndroidManifest.xml:256:13-66
activity#com.tencent.tauth.AuthActivity
ADDED from src\main\AndroidManifest.xml:265:9-277:20
	android:launchMode
		ADDED from src\main\AndroidManifest.xml:267:13-44
	android:noHistory
		ADDED from src\main\AndroidManifest.xml:268:13-37
	android:name
		ADDED from src\main\AndroidManifest.xml:266:13-58
intent-filter#android.intent.action.VIEW+android.intent.category.BROWSABLE+android.intent.category.DEFAULT
ADDED from src\main\AndroidManifest.xml:269:13-276:29
category#android.intent.category.BROWSABLE
ADDED from src\main\AndroidManifest.xml:273:17-78
	android:name
		ADDED from src\main\AndroidManifest.xml:273:27-75
activity#com.tencent.connect.common.AssistActivity
ADDED from src\main\AndroidManifest.xml:278:9-281:75
	android:screenOrientation
		ADDED from src\main\AndroidManifest.xml:280:13-49
	android:theme
		ADDED from src\main\AndroidManifest.xml:281:13-72
	android:name
		ADDED from src\main\AndroidManifest.xml:279:13-69
activity#com.neusoft.huduoduoapp.wxapi.WXEntryActivity
ADDED from src\main\AndroidManifest.xml:284:9-289:75
	android:screenOrientation
		ADDED from src\main\AndroidManifest.xml:288:13-49
	android:exported
		ADDED from src\main\AndroidManifest.xml:287:13-36
	android:configChanges
		ADDED from src\main\AndroidManifest.xml:286:13-74
	android:theme
		ADDED from src\main\AndroidManifest.xml:289:13-72
	android:name
		ADDED from src\main\AndroidManifest.xml:285:13-73
meta-data#UMENG_CHANNEL
ADDED from src\main\AndroidManifest.xml:291:9-294:21
	android:value
		ADDED from src\main\AndroidManifest.xml:293:13-34
	android:name
		ADDED from src\main\AndroidManifest.xml:292:13-41
supports-screens
ADDED from src\main\AndroidManifest.xml:297:5-302:39
	android:largeScreens
		ADDED from src\main\AndroidManifest.xml:299:9-36
	android:smallScreens
		ADDED from src\main\AndroidManifest.xml:302:9-36
	android:normalScreens
		ADDED from src\main\AndroidManifest.xml:300:9-38
	android:resizeable
		ADDED from src\main\AndroidManifest.xml:301:9-34
	android:anyDensity
		ADDED from src\main\AndroidManifest.xml:298:9-34